<?xml version="1.0" encoding="UTF-8"?>
<testsuite xmlns:xsi="http://www.w3.org/2001/XMLSchema-instance" xsi:noNamespaceSchemaLocation="https://maven.apache.org/surefire/maven-surefire-plugin/xsd/surefire-test-report-3.0.xsd" version="3.0" name="TqsStackTest" time="0.138" tests="6" errors="0" skipped="0" failures="1">
  <properties>
[...]
</properties>
  <testcase name="pop" classname="TqsStackTest" time="0.06"/>
  <testcase name="peek" classname="TqsStackTest" time="0.006">
    <failure type="org.opentest4j.AssertionFailedError"><![CDATA[org.opentest4j.AssertionFailedError: The value peeked is different from the one pushed ==> expected: <1> but was: <100>
	at TqsStackTest.peek(TqsStackTest.java:50)
]]></failure>
  </testcase>
  <testcase name="push" classname="TqsStackTest" time="0.002"/>
  <testcase name="size" classname="TqsStackTest" time="0.003"/>
  <testcase name="popEmptyStack" classname="TqsStackTest" time="0.007"/>
  <testcase name="isEmpty" classname="TqsStackTest" time="0.002"/>
</testsuite>