-------------------------------------------------------------------------------
Test set: TqsStackTest
-------------------------------------------------------------------------------
Tests run: 6, Failures: 1, Errors: 0, Skipped: 0, Time elapsed: 0.138 s <<< FAILURE! - in TqsStackTest
TqsStackTest.peek  Time elapsed: 0.006 s  <<< FAILURE!
org.opentest4j.AssertionFailedError: The value peeked is different from the one pushed ==> expected: <1> but was: <100>
	at TqsStackTest.peek(TqsStackTest.java:50)

